<?xml version="1.0" encoding="UTF-8"?>
<!-- Generated by org.testng.reporters.JUnitReportReporter -->
<testsuite hostname="LAPTOP-BLLBO5UB" failures="0" tests="1" name="TestApi.TestPost" time="1.204" errors="0" timestamp="2020-07-16T09:05:12 ICT" skipped="0">
  <testcase classname="TestApi.TestPost" name="test_2" time="1.204"/>
  <system-out/>
</testsuite> <!-- TestApi.TestPost -->
