<?xml version="1.0" encoding="UTF-8"?>
<!-- Generated by org.testng.reporters.JUnitReportReporter -->
<testsuite hostname="LAPTOP-BLLBO5UB" failures="0" tests="1" name="TestDel" time="6.318" errors="0" timestamp="2020-07-15T22:36:59 ICT" skipped="0">
  <testcase classname="TestDel" name="test_04" time="6.318"/>
  <system-out/>
</testsuite> <!-- TestDel -->
