<?xml version="1.0" encoding="UTF-8"?>
<!-- Generated by org.testng.reporters.JUnitReportReporter -->
<testsuite hostname="LAPTOP-BLLBO5UB" failures="0" tests="3" name="TestGet" time="24.802" errors="0" timestamp="2020-07-15T22:36:59 ICT" skipped="0">
  <testcase classname="TestGet" name="test_06" time="7.789"/>
  <system-out/>
  <testcase classname="TestGet" name="test_05" time="6.207"/>
  <system-out/>
  <testcase classname="TestGet" name="test_1" time="10.806"/>
  <system-out/>
</testsuite> <!-- TestGet -->
