<?xml version="1.0" encoding="UTF-8"?>
<!-- Generated by org.testng.reporters.JUnitReportReporter -->
<testsuite hostname="LAPTOP-BLLBO5UB" failures="0" tests="1" name="TestApi.TestDel" time="2.110" errors="0" timestamp="2020-07-16T09:05:12 ICT" skipped="0">
  <testcase classname="TestApi.TestDel" name="test_04" time="2.110"/>
  <system-out/>
</testsuite> <!-- TestApi.TestDel -->
