<?xml version="1.0" encoding="UTF-8"?>
<!-- Generated by org.testng.reporters.JUnitReportReporter -->
<testsuite hostname="LAPTOP-BLLBO5UB" failures="0" tests="1" name="TestApi.TestPut" time="1.012" errors="0" timestamp="2020-07-16T09:05:12 ICT" skipped="0">
  <testcase classname="TestApi.TestPut" name="test_3" time="1.012"/>
  <system-out/>
</testsuite> <!-- TestApi.TestPut -->
