<?xml version="1.0" encoding="UTF-8"?>
<!-- Generated by org.testng.reporters.JUnitReportReporter -->
<testsuite hostname="LAPTOP-BLLBO5UB" failures="0" tests="2" name="TestGet" time="1.591" errors="0" timestamp="2020-07-15T11:30:58 ICT" skipped="0">
  <testcase classname="TestGet" name="test_05" time="0.687"/>
  <system-out/>
  <testcase classname="TestGet" name="test_1" time="0.904"/>
  <system-out/>
</testsuite> <!-- TestGet -->
