<?xml version="1.0" encoding="UTF-8"?>
<!-- Generated by org.testng.reporters.JUnitReportReporter -->
<testsuite hostname="LAPTOP-BLLBO5UB" failures="0" tests="1" name="TestDel" time="2.413" errors="0" timestamp="2020-07-15T11:30:58 ICT" skipped="0">
  <testcase classname="TestDel" name="test_04" time="2.413"/>
  <system-out/>
</testsuite> <!-- TestDel -->
