<?xml version="1.0" encoding="UTF-8"?>
<!-- Generated by org.testng.reporters.JUnitReportReporter -->
<testsuite hostname="LAPTOP-BLLBO5UB" failures="0" tests="1" name="TestPost" time="4.534" errors="0" timestamp="2020-07-15T22:36:59 ICT" skipped="0">
  <testcase classname="TestPost" name="test_2" time="4.534"/>
  <system-out/>
</testsuite> <!-- TestPost -->
