<?xml version="1.0" encoding="UTF-8"?>
<!-- Generated by org.testng.reporters.JUnitReportReporter -->
<testsuite hostname="LAPTOP-BLLBO5UB" failures="0" tests="2" name="TestGet" time="7.931" errors="0" timestamp="2020-07-15T11:32:16 ICT" skipped="0">
  <testcase classname="TestGet" name="test_05" time="3.792"/>
  <system-out/>
  <testcase classname="TestGet" name="test_1" time="4.139"/>
  <system-out/>
</testsuite> <!-- TestGet -->
