<?xml version="1.0" encoding="UTF-8"?>
<!-- Generated by org.testng.reporters.JUnitReportReporter -->
<testsuite hostname="LAPTOP-BLLBO5UB" failures="0" tests="3" name="TestApi.TestGet" time="9.454" errors="0" timestamp="2020-07-16T09:05:59 ICT" skipped="0">
  <testcase classname="TestApi.TestGet" name="test_05" time="2.279"/>
  <system-out/>
  <testcase classname="TestApi.TestGet" name="test_06" time="3.478"/>
  <system-out/>
  <testcase classname="TestApi.TestGet" name="test_1" time="3.697"/>
  <system-out/>
</testsuite> <!-- TestApi.TestGet -->
